This file contains any messages produced by compilers while
running configure, to aid debugging if configure makes a mistake.

It was created by ast configure 7.2.0, which was
generated by Starlink Autoconf 2.59.  Invocation command line was

  $ ./configure 

## --------- ##
## Platform. ##
## --------- ##

hostname = backup
uname -m = i686
uname -r = 3.0.0-32-generic
uname -s = Linux
uname -v = #51-Ubuntu SMP Thu Mar 21 15:51:26 UTC 2013

/usr/bin/uname -p = unknown
/bin/uname -X     = unknown

/bin/arch              = unknown
/usr/bin/arch -k       = unknown
/usr/convex/getsysinfo = unknown
hostinfo               = unknown
/bin/machine           = unknown
/usr/bin/oslevel       = unknown
/bin/universe          = unknown

PATH: /usr/lib/lightdm/lightdm
PATH: /usr/local/sbin
PATH: /usr/local/bin
PATH: /usr/sbin
PATH: /usr/bin
PATH: /sbin
PATH: /bin
PATH: /usr/games


## ----------- ##
## Core tests. ##
## ----------- ##

configure:1592: checking for a BSD-compatible install
configure:1647: result: /usr/bin/install -c
configure:1658: checking whether build environment is sane
configure:1701: result: yes
configure:1766: checking for gawk
configure:1795: result: no
configure:1766: checking for mawk
configure:1782: found /usr/bin/mawk
configure:1792: result: mawk
configure:1802: checking whether make sets $(MAKE)
configure:1822: result: yes
configure:2000: checking build system type
configure:2018: result: i686-pc-linux-gnu
configure:2038: checking for style of include used by make
configure:2066: result: GNU
configure:2137: checking for gcc
configure:2153: found /usr/bin/gcc
configure:2163: result: gcc
configure:2407: checking for C compiler version
configure:2410: gcc --version </dev/null >&5
gcc (Ubuntu/Linaro 4.6.1-9ubuntu3) 4.6.1
Copyright (C) 2011 Free Software Foundation, Inc.
This is free software; see the source for copying conditions.  There is NO
warranty; not even for MERCHANTABILITY or FITNESS FOR A PARTICULAR PURPOSE.

configure:2413: $? = 0
configure:2415: gcc -v </dev/null >&5
Using built-in specs.
COLLECT_GCC=gcc
COLLECT_LTO_WRAPPER=/usr/lib/gcc/i686-linux-gnu/4.6.1/lto-wrapper
Target: i686-linux-gnu
Configured with: ../src/configure -v --with-pkgversion='Ubuntu/Linaro 4.6.1-9ubuntu3' --with-bugurl=file:///usr/share/doc/gcc-4.6/README.Bugs --enable-languages=c,c++,fortran,objc,obj-c++,go --prefix=/usr --program-suffix=-4.6 --enable-shared --enable-linker-build-id --with-system-zlib --libexecdir=/usr/lib --without-included-gettext --enable-threads=posix --with-gxx-include-dir=/usr/include/c++/4.6 --libdir=/usr/lib --enable-nls --with-sysroot=/ --enable-clocale=gnu --enable-libstdcxx-debug --enable-libstdcxx-time=yes --enable-plugin --enable-objc-gc --enable-targets=all --disable-werror --with-arch-32=i686 --with-tune=generic --enable-checking=release --build=i686-linux-gnu --host=i686-linux-gnu --target=i686-linux-gnu
Thread model: posix
gcc version 4.6.1 (Ubuntu/Linaro 4.6.1-9ubuntu3) 
configure:2418: $? = 0
configure:2420: gcc -V </dev/null >&5
gcc: error: unrecognized option '-V'
gcc: fatal error: no input files
compilation terminated.
configure:2423: $? = 4
configure:2446: checking for C compiler default output file name
configure:2449: gcc    conftest.c  >&5
configure:2452: $? = 0
configure:2498: result: a.out
configure:2503: checking whether the C compiler works
configure:2509: ./a.out
configure:2512: $? = 0
configure:2529: result: yes
configure:2536: checking whether we are cross compiling
configure:2538: result: no
configure:2541: checking for suffix of executables
configure:2543: gcc -o conftest    conftest.c  >&5
configure:2546: $? = 0
configure:2571: result: 
configure:2577: checking for suffix of object files
configure:2598: gcc -c   conftest.c >&5
configure:2601: $? = 0
configure:2623: result: o
configure:2627: checking whether we are using the GNU C compiler
configure:2651: gcc -c   conftest.c >&5
configure:2657: $? = 0
configure:2661: test -z 
			 || test ! -s conftest.err
configure:2664: $? = 0
configure:2667: test -s conftest.o
configure:2670: $? = 0
configure:2683: result: yes
configure:2689: checking whether gcc accepts -g
configure:2710: gcc -c -g  conftest.c >&5
configure:2716: $? = 0
configure:2720: test -z 
			 || test ! -s conftest.err
configure:2723: $? = 0
configure:2726: test -s conftest.o
configure:2729: $? = 0
configure:2740: result: yes
configure:2757: checking for gcc option to accept ANSI C
configure:2827: gcc  -c -g -O2  conftest.c >&5
configure:2833: $? = 0
configure:2837: test -z 
			 || test ! -s conftest.err
configure:2840: $? = 0
configure:2843: test -s conftest.o
configure:2846: $? = 0
configure:2864: result: none needed
configure:2882: gcc -c -g -O2  conftest.c >&5
conftest.c:2:3: error: unknown type name 'choke'
conftest.c:2:3: error: expected '=', ',', ';', 'asm' or '__attribute__' at end of input
configure:2888: $? = 1
configure: failed program was:
| #ifndef __cplusplus
|   choke me
| #endif
configure:3023: checking dependency style of gcc
configure:3113: result: gcc3
configure:3181: checking for g95
configure:3210: result: no
configure:3181: checking for lf95
configure:3210: result: no
configure:3181: checking for f95
configure:3197: found /usr/bin/f95
configure:3207: result: f95
configure:3222: checking for Fortran compiler version
configure:3225: f95 --version </dev/null >&5
GNU Fortran (Ubuntu/Linaro 4.6.1-9ubuntu3) 4.6.1
Copyright (C) 2011 Free Software Foundation, Inc.

GNU Fortran comes with NO WARRANTY, to the extent permitted by law.
You may redistribute copies of GNU Fortran
under the terms of the GNU General Public License.
For more information about these matters, see the file named COPYING

configure:3228: $? = 0
configure:3230: f95 -v </dev/null >&5
Using built-in specs.
COLLECT_GCC=f95
COLLECT_LTO_WRAPPER=/usr/lib/gcc/i686-linux-gnu/4.6.1/lto-wrapper
Target: i686-linux-gnu
Configured with: ../src/configure -v --with-pkgversion='Ubuntu/Linaro 4.6.1-9ubuntu3' --with-bugurl=file:///usr/share/doc/gcc-4.6/README.Bugs --enable-languages=c,c++,fortran,objc,obj-c++,go --prefix=/usr --program-suffix=-4.6 --enable-shared --enable-linker-build-id --with-system-zlib --libexecdir=/usr/lib --without-included-gettext --enable-threads=posix --with-gxx-include-dir=/usr/include/c++/4.6 --libdir=/usr/lib --enable-nls --with-sysroot=/ --enable-clocale=gnu --enable-libstdcxx-debug --enable-libstdcxx-time=yes --enable-plugin --enable-objc-gc --enable-targets=all --disable-werror --with-arch-32=i686 --with-tune=generic --enable-checking=release --build=i686-linux-gnu --host=i686-linux-gnu --target=i686-linux-gnu
Thread model: posix
gcc version 4.6.1 (Ubuntu/Linaro 4.6.1-9ubuntu3) 
configure:3233: $? = 0
configure:3235: f95 -V </dev/null >&5
f95: error: unrecognized option '-V'
f95: fatal error: no input files
compilation terminated.
configure:3238: $? = 4
configure:3251: f95 -c   conftest.f >&5
configure:3257: $? = 0
configure:3259: checking for suffix of module files
configure:3290: result: mod
configure:3302: checking whether we are using the GNU Fortran compiler
configure:3316: f95 -c   conftest.F >&5
configure:3322: $? = 0
configure:3326: test -z 
			 || test ! -s conftest.err
configure:3329: $? = 0
configure:3332: test -s conftest.o
configure:3335: $? = 0
configure:3348: result: yes
configure:3354: checking whether f95 accepts -g
configure:3366: f95 -c -g  conftest.f >&5
configure:3372: $? = 0
configure:3376: test -z 
			 || test ! -s conftest.err
configure:3379: $? = 0
configure:3382: test -s conftest.o
configure:3385: $? = 0
configure:3397: result: yes
configure:3489: Starlink tree located at /stardev/git/starlink/star
configure:3563: checking whether we need any library fixups
configure:3690: result: no
configure:3793: checking for git
configure:3826: result: no
configure:3855: checking for pax
configure:3888: result: no
configure:3896: checking for gnutar
configure:3929: result: no
configure:3896: checking for tar
configure:3914: found /bin/tar
configure:3926: result: /bin/tar
configure:4064: checking for gcc
configure:4090: result: gcc
configure:4334: checking for C compiler version
configure:4337: gcc --version </dev/null >&5
gcc (Ubuntu/Linaro 4.6.1-9ubuntu3) 4.6.1
Copyright (C) 2011 Free Software Foundation, Inc.
This is free software; see the source for copying conditions.  There is NO
warranty; not even for MERCHANTABILITY or FITNESS FOR A PARTICULAR PURPOSE.

configure:4340: $? = 0
configure:4342: gcc -v </dev/null >&5
Using built-in specs.
COLLECT_GCC=gcc
COLLECT_LTO_WRAPPER=/usr/lib/gcc/i686-linux-gnu/4.6.1/lto-wrapper
Target: i686-linux-gnu
Configured with: ../src/configure -v --with-pkgversion='Ubuntu/Linaro 4.6.1-9ubuntu3' --with-bugurl=file:///usr/share/doc/gcc-4.6/README.Bugs --enable-languages=c,c++,fortran,objc,obj-c++,go --prefix=/usr --program-suffix=-4.6 --enable-shared --enable-linker-build-id --with-system-zlib --libexecdir=/usr/lib --without-included-gettext --enable-threads=posix --with-gxx-include-dir=/usr/include/c++/4.6 --libdir=/usr/lib --enable-nls --with-sysroot=/ --enable-clocale=gnu --enable-libstdcxx-debug --enable-libstdcxx-time=yes --enable-plugin --enable-objc-gc --enable-targets=all --disable-werror --with-arch-32=i686 --with-tune=generic --enable-checking=release --build=i686-linux-gnu --host=i686-linux-gnu --target=i686-linux-gnu
Thread model: posix
gcc version 4.6.1 (Ubuntu/Linaro 4.6.1-9ubuntu3) 
configure:4345: $? = 0
configure:4347: gcc -V </dev/null >&5
gcc: error: unrecognized option '-V'
gcc: fatal error: no input files
compilation terminated.
configure:4350: $? = 4
configure:4353: checking whether we are using the GNU C compiler
configure:4409: result: yes
configure:4415: checking whether gcc accepts -g
configure:4466: result: yes
configure:4483: checking for gcc option to accept ANSI C
configure:4590: result: none needed
configure:4608: gcc -c -g -O2  conftest.c >&5
conftest.c:2:3: error: unknown type name 'choke'
conftest.c:2:3: error: expected '=', ',', ';', 'asm' or '__attribute__' at end of input
configure:4614: $? = 1
configure: failed program was:
| #ifndef __cplusplus
|   choke me
| #endif
configure:4749: checking dependency style of gcc
configure:4839: result: gcc3
configure:4861: checking how to run the C preprocessor
configure:4896: gcc -E  conftest.c
configure:4902: $? = 0
configure:4934: gcc -E  conftest.c
conftest.c:11:28: fatal error: ac_nonexistent.h: No such file or directory
compilation terminated.
configure:4940: $? = 1
configure: failed program was:
| /* confdefs.h.  */
| 
| #define PACKAGE_NAME "ast"
| #define PACKAGE_TARNAME "ast"
| #define PACKAGE_VERSION "7.2.0"
| #define PACKAGE_STRING "ast 7.2.0"
| #define PACKAGE_BUGREPORT "starlink@jiscmail.ac.uk"
| #define PACKAGE "ast"
| #define VERSION "7.2.0"
| /* end confdefs.h.  */
| #include <ac_nonexistent.h>
configure:4979: result: gcc -E
configure:5003: gcc -E  conftest.c
configure:5009: $? = 0
configure:5041: gcc -E  conftest.c
conftest.c:11:28: fatal error: ac_nonexistent.h: No such file or directory
compilation terminated.
configure:5047: $? = 1
configure: failed program was:
| /* confdefs.h.  */
| 
| #define PACKAGE_NAME "ast"
| #define PACKAGE_TARNAME "ast"
| #define PACKAGE_VERSION "7.2.0"
| #define PACKAGE_STRING "ast 7.2.0"
| #define PACKAGE_BUGREPORT "starlink@jiscmail.ac.uk"
| #define PACKAGE "ast"
| #define VERSION "7.2.0"
| /* end confdefs.h.  */
| #include <ac_nonexistent.h>
configure:5162: checking host system type
configure:5176: result: i686-pc-linux-gnu
configure:5184: checking for a sed that does not truncate output
configure:5238: result: /bin/sed
configure:5241: checking for egrep
configure:5251: result: grep -E
configure:5267: checking for ld used by gcc
configure:5334: result: /usr/bin/ld
configure:5343: checking if the linker (/usr/bin/ld) is GNU ld
configure:5358: result: yes
configure:5363: checking for /usr/bin/ld option to reload object files
configure:5370: result: -r
configure:5388: checking for BSD-compatible nm
configure:5430: result: /usr/bin/nm -B
configure:5434: checking whether ln -s works
configure:5438: result: yes
configure:5445: checking how to recognise dependent libraries
configure:5617: result: pass_all
configure:5827: checking for ANSI C header files
configure:5852: gcc -c -g -O2  conftest.c >&5
configure:5858: $? = 0
configure:5862: test -z 
			 || test ! -s conftest.err
configure:5865: $? = 0
configure:5868: test -s conftest.o
configure:5871: $? = 0
configure:5960: gcc -o conftest -g -O2   conftest.c  >&5
conftest.c: In function 'main':
conftest.c:28:7: warning: incompatible implicit declaration of built-in function 'exit' [enabled by default]
configure:5963: $? = 0
configure:5965: ./conftest
configure:5968: $? = 0
configure:5983: result: yes
configure:6007: checking for sys/types.h
configure:6023: gcc -c -g -O2  conftest.c >&5
configure:6029: $? = 0
configure:6033: test -z 
			 || test ! -s conftest.err
configure:6036: $? = 0
configure:6039: test -s conftest.o
configure:6042: $? = 0
configure:6053: result: yes
configure:6007: checking for sys/stat.h
configure:6023: gcc -c -g -O2  conftest.c >&5
configure:6029: $? = 0
configure:6033: test -z 
			 || test ! -s conftest.err
configure:6036: $? = 0
configure:6039: test -s conftest.o
configure:6042: $? = 0
configure:6053: result: yes
configure:6007: checking for stdlib.h
configure:6023: gcc -c -g -O2  conftest.c >&5
configure:6029: $? = 0
configure:6033: test -z 
			 || test ! -s conftest.err
configure:6036: $? = 0
configure:6039: test -s conftest.o
configure:6042: $? = 0
configure:6053: result: yes
configure:6007: checking for string.h
configure:6023: gcc -c -g -O2  conftest.c >&5
configure:6029: $? = 0
configure:6033: test -z 
			 || test ! -s conftest.err
configure:6036: $? = 0
configure:6039: test -s conftest.o
configure:6042: $? = 0
configure:6053: result: yes
configure:6007: checking for memory.h
configure:6023: gcc -c -g -O2  conftest.c >&5
configure:6029: $? = 0
configure:6033: test -z 
			 || test ! -s conftest.err
configure:6036: $? = 0
configure:6039: test -s conftest.o
configure:6042: $? = 0
configure:6053: result: yes
configure:6007: checking for strings.h
configure:6023: gcc -c -g -O2  conftest.c >&5
configure:6029: $? = 0
configure:6033: test -z 
			 || test ! -s conftest.err
configure:6036: $? = 0
configure:6039: test -s conftest.o
configure:6042: $? = 0
configure:6053: result: yes
configure:6007: checking for inttypes.h
configure:6023: gcc -c -g -O2  conftest.c >&5
configure:6029: $? = 0
configure:6033: test -z 
			 || test ! -s conftest.err
configure:6036: $? = 0
configure:6039: test -s conftest.o
configure:6042: $? = 0
configure:6053: result: yes
configure:6007: checking for stdint.h
configure:6023: gcc -c -g -O2  conftest.c >&5
configure:6029: $? = 0
configure:6033: test -z 
			 || test ! -s conftest.err
configure:6036: $? = 0
configure:6039: test -s conftest.o
configure:6042: $? = 0
configure:6053: result: yes
configure:6007: checking for unistd.h
configure:6023: gcc -c -g -O2  conftest.c >&5
configure:6029: $? = 0
configure:6033: test -z 
			 || test ! -s conftest.err
configure:6036: $? = 0
configure:6039: test -s conftest.o
configure:6042: $? = 0
configure:6053: result: yes
configure:6079: checking dlfcn.h usability
configure:6091: gcc -c -g -O2  conftest.c >&5
configure:6097: $? = 0
configure:6101: test -z 
			 || test ! -s conftest.err
configure:6104: $? = 0
configure:6107: test -s conftest.o
configure:6110: $? = 0
configure:6120: result: yes
configure:6124: checking dlfcn.h presence
configure:6134: gcc -E  conftest.c
configure:6140: $? = 0
configure:6160: result: yes
configure:6195: checking for dlfcn.h
configure:6202: result: yes
configure:6267: checking for g++
configure:6283: found /usr/bin/g++
configure:6293: result: g++
configure:6309: checking for C++ compiler version
configure:6312: g++ --version </dev/null >&5
g++ (Ubuntu/Linaro 4.6.1-9ubuntu3) 4.6.1
Copyright (C) 2011 Free Software Foundation, Inc.
This is free software; see the source for copying conditions.  There is NO
warranty; not even for MERCHANTABILITY or FITNESS FOR A PARTICULAR PURPOSE.

configure:6315: $? = 0
configure:6317: g++ -v </dev/null >&5
Using built-in specs.
COLLECT_GCC=g++
COLLECT_LTO_WRAPPER=/usr/lib/gcc/i686-linux-gnu/4.6.1/lto-wrapper
Target: i686-linux-gnu
Configured with: ../src/configure -v --with-pkgversion='Ubuntu/Linaro 4.6.1-9ubuntu3' --with-bugurl=file:///usr/share/doc/gcc-4.6/README.Bugs --enable-languages=c,c++,fortran,objc,obj-c++,go --prefix=/usr --program-suffix=-4.6 --enable-shared --enable-linker-build-id --with-system-zlib --libexecdir=/usr/lib --without-included-gettext --enable-threads=posix --with-gxx-include-dir=/usr/include/c++/4.6 --libdir=/usr/lib --enable-nls --with-sysroot=/ --enable-clocale=gnu --enable-libstdcxx-debug --enable-libstdcxx-time=yes --enable-plugin --enable-objc-gc --enable-targets=all --disable-werror --with-arch-32=i686 --with-tune=generic --enable-checking=release --build=i686-linux-gnu --host=i686-linux-gnu --target=i686-linux-gnu
Thread model: posix
gcc version 4.6.1 (Ubuntu/Linaro 4.6.1-9ubuntu3) 
configure:6320: $? = 0
configure:6322: g++ -V </dev/null >&5
g++: error: unrecognized option '-V'
g++: fatal error: no input files
compilation terminated.
configure:6325: $? = 4
configure:6328: checking whether we are using the GNU C++ compiler
configure:6352: g++ -c   conftest.cc >&5
configure:6358: $? = 0
configure:6362: test -z 
			 || test ! -s conftest.err
configure:6365: $? = 0
configure:6368: test -s conftest.o
configure:6371: $? = 0
configure:6384: result: yes
configure:6390: checking whether g++ accepts -g
configure:6411: g++ -c -g  conftest.cc >&5
configure:6417: $? = 0
configure:6421: test -z 
			 || test ! -s conftest.err
configure:6424: $? = 0
configure:6427: test -s conftest.o
configure:6430: $? = 0
configure:6441: result: yes
configure:6483: g++ -c -g -O2  conftest.cc >&5
configure:6489: $? = 0
configure:6493: test -z 
			 || test ! -s conftest.err
configure:6496: $? = 0
configure:6499: test -s conftest.o
configure:6502: $? = 0
configure:6528: g++ -c -g -O2  conftest.cc >&5
conftest.cc: In function 'int main()':
conftest.cc:26:9: error: 'exit' was not declared in this scope
configure:6534: $? = 1
configure: failed program was:
| /* confdefs.h.  */
| 
| #define PACKAGE_NAME "ast"
| #define PACKAGE_TARNAME "ast"
| #define PACKAGE_VERSION "7.2.0"
| #define PACKAGE_STRING "ast 7.2.0"
| #define PACKAGE_BUGREPORT "starlink@jiscmail.ac.uk"
| #define PACKAGE "ast"
| #define VERSION "7.2.0"
| #define STDC_HEADERS 1
| #define HAVE_SYS_TYPES_H 1
| #define HAVE_SYS_STAT_H 1
| #define HAVE_STDLIB_H 1
| #define HAVE_STRING_H 1
| #define HAVE_MEMORY_H 1
| #define HAVE_STRINGS_H 1
| #define HAVE_INTTYPES_H 1
| #define HAVE_STDINT_H 1
| #define HAVE_UNISTD_H 1
| #define HAVE_DLFCN_H 1
| /* end confdefs.h.  */
| 
| int
| main ()
| {
| exit (42);
|   ;
|   return 0;
| }
configure:6483: g++ -c -g -O2  conftest.cc >&5
conftest.cc:22:40: error: 'void std::exit(int)' should have been declared inside 'std'
configure:6489: $? = 1
configure: failed program was:
| /* confdefs.h.  */
| 
| #define PACKAGE_NAME "ast"
| #define PACKAGE_TARNAME "ast"
| #define PACKAGE_VERSION "7.2.0"
| #define PACKAGE_STRING "ast 7.2.0"
| #define PACKAGE_BUGREPORT "starlink@jiscmail.ac.uk"
| #define PACKAGE "ast"
| #define VERSION "7.2.0"
| #define STDC_HEADERS 1
| #define HAVE_SYS_TYPES_H 1
| #define HAVE_SYS_STAT_H 1
| #define HAVE_STDLIB_H 1
| #define HAVE_STRING_H 1
| #define HAVE_MEMORY_H 1
| #define HAVE_STRINGS_H 1
| #define HAVE_INTTYPES_H 1
| #define HAVE_STDINT_H 1
| #define HAVE_UNISTD_H 1
| #define HAVE_DLFCN_H 1
| /* end confdefs.h.  */
| extern "C" void std::exit (int) throw (); using std::exit;
| #include <stdlib.h>
| int
| main ()
| {
| exit (42);
|   ;
|   return 0;
| }
configure:6483: g++ -c -g -O2  conftest.cc >&5
conftest.cc:22:31: error: 'void std::exit(int)' should have been declared inside 'std'
In file included from conftest.cc:23:0:
/usr/include/stdlib.h:544:70: error: declaration of 'void std::exit(int) throw ()' has a different exception specifier
conftest.cc:22:17: error: from previous declaration 'void std::exit(int)'
configure:6489: $? = 1
configure: failed program was:
| /* confdefs.h.  */
| 
| #define PACKAGE_NAME "ast"
| #define PACKAGE_TARNAME "ast"
| #define PACKAGE_VERSION "7.2.0"
| #define PACKAGE_STRING "ast 7.2.0"
| #define PACKAGE_BUGREPORT "starlink@jiscmail.ac.uk"
| #define PACKAGE "ast"
| #define VERSION "7.2.0"
| #define STDC_HEADERS 1
| #define HAVE_SYS_TYPES_H 1
| #define HAVE_SYS_STAT_H 1
| #define HAVE_STDLIB_H 1
| #define HAVE_STRING_H 1
| #define HAVE_MEMORY_H 1
| #define HAVE_STRINGS_H 1
| #define HAVE_INTTYPES_H 1
| #define HAVE_STDINT_H 1
| #define HAVE_UNISTD_H 1
| #define HAVE_DLFCN_H 1
| /* end confdefs.h.  */
| extern "C" void std::exit (int); using std::exit;
| #include <stdlib.h>
| int
| main ()
| {
| exit (42);
|   ;
|   return 0;
| }
configure:6483: g++ -c -g -O2  conftest.cc >&5
configure:6489: $? = 0
configure:6493: test -z 
			 || test ! -s conftest.err
configure:6496: $? = 0
configure:6499: test -s conftest.o
configure:6502: $? = 0
configure:6528: g++ -c -g -O2  conftest.cc >&5
configure:6534: $? = 0
configure:6538: test -z 
			 || test ! -s conftest.err
configure:6541: $? = 0
configure:6544: test -s conftest.o
configure:6547: $? = 0
configure:6572: checking dependency style of g++
configure:6662: result: gcc3
configure:6689: checking how to run the C++ preprocessor
configure:6720: g++ -E  conftest.cc
configure:6726: $? = 0
configure:6758: g++ -E  conftest.cc
conftest.cc:25:28: fatal error: ac_nonexistent.h: No such file or directory
compilation terminated.
configure:6764: $? = 1
configure: failed program was:
| /* confdefs.h.  */
| 
| #define PACKAGE_NAME "ast"
| #define PACKAGE_TARNAME "ast"
| #define PACKAGE_VERSION "7.2.0"
| #define PACKAGE_STRING "ast 7.2.0"
| #define PACKAGE_BUGREPORT "starlink@jiscmail.ac.uk"
| #define PACKAGE "ast"
| #define VERSION "7.2.0"
| #define STDC_HEADERS 1
| #define HAVE_SYS_TYPES_H 1
| #define HAVE_SYS_STAT_H 1
| #define HAVE_STDLIB_H 1
| #define HAVE_STRING_H 1
| #define HAVE_MEMORY_H 1
| #define HAVE_STRINGS_H 1
| #define HAVE_INTTYPES_H 1
| #define HAVE_STDINT_H 1
| #define HAVE_UNISTD_H 1
| #define HAVE_DLFCN_H 1
| #ifdef __cplusplus
| extern "C" void exit (int) throw ();
| #endif
| /* end confdefs.h.  */
| #include <ac_nonexistent.h>
configure:6803: result: g++ -E
configure:6827: g++ -E  conftest.cc
configure:6833: $? = 0
configure:6865: g++ -E  conftest.cc
conftest.cc:25:28: fatal error: ac_nonexistent.h: No such file or directory
compilation terminated.
configure:6871: $? = 1
configure: failed program was:
| /* confdefs.h.  */
| 
| #define PACKAGE_NAME "ast"
| #define PACKAGE_TARNAME "ast"
| #define PACKAGE_VERSION "7.2.0"
| #define PACKAGE_STRING "ast 7.2.0"
| #define PACKAGE_BUGREPORT "starlink@jiscmail.ac.uk"
| #define PACKAGE "ast"
| #define VERSION "7.2.0"
| #define STDC_HEADERS 1
| #define HAVE_SYS_TYPES_H 1
| #define HAVE_SYS_STAT_H 1
| #define HAVE_STDLIB_H 1
| #define HAVE_STRING_H 1
| #define HAVE_MEMORY_H 1
| #define HAVE_STRINGS_H 1
| #define HAVE_INTTYPES_H 1
| #define HAVE_STDINT_H 1
| #define HAVE_UNISTD_H 1
| #define HAVE_DLFCN_H 1
| #ifdef __cplusplus
| extern "C" void exit (int) throw ();
| #endif
| /* end confdefs.h.  */
| #include <ac_nonexistent.h>
configure:6968: checking for g77
configure:6997: result: no
configure:6968: checking for f77
configure:6997: result: no
configure:6968: checking for xlf
configure:6997: result: no
configure:6968: checking for frt
configure:6997: result: no
configure:6968: checking for pgf77
configure:6997: result: no
configure:6968: checking for fort77
configure:6997: result: no
configure:6968: checking for fl32
configure:6997: result: no
configure:6968: checking for af77
configure:6997: result: no
configure:6968: checking for f77
configure:6997: result: no
configure:6968: checking for f90
configure:6997: result: no
configure:6968: checking for xlf90
configure:6997: result: no
configure:6968: checking for pgf90
configure:6997: result: no
configure:6968: checking for epcf90
configure:6997: result: no
configure:6968: checking for g95
configure:6997: result: no
configure:6968: checking for lf95
configure:6997: result: no
configure:6968: checking for f95
configure:6984: found /usr/bin/f95
configure:6994: result: f95
configure:7009: checking for Fortran 77 compiler version
configure:7012: f95 --version </dev/null >&5
GNU Fortran (Ubuntu/Linaro 4.6.1-9ubuntu3) 4.6.1
Copyright (C) 2011 Free Software Foundation, Inc.

GNU Fortran comes with NO WARRANTY, to the extent permitted by law.
You may redistribute copies of GNU Fortran
under the terms of the GNU General Public License.
For more information about these matters, see the file named COPYING

configure:7015: $? = 0
configure:7017: f95 -v </dev/null >&5
Using built-in specs.
COLLECT_GCC=f95
COLLECT_LTO_WRAPPER=/usr/lib/gcc/i686-linux-gnu/4.6.1/lto-wrapper
Target: i686-linux-gnu
Configured with: ../src/configure -v --with-pkgversion='Ubuntu/Linaro 4.6.1-9ubuntu3' --with-bugurl=file:///usr/share/doc/gcc-4.6/README.Bugs --enable-languages=c,c++,fortran,objc,obj-c++,go --prefix=/usr --program-suffix=-4.6 --enable-shared --enable-linker-build-id --with-system-zlib --libexecdir=/usr/lib --without-included-gettext --enable-threads=posix --with-gxx-include-dir=/usr/include/c++/4.6 --libdir=/usr/lib --enable-nls --with-sysroot=/ --enable-clocale=gnu --enable-libstdcxx-debug --enable-libstdcxx-time=yes --enable-plugin --enable-objc-gc --enable-targets=all --disable-werror --with-arch-32=i686 --with-tune=generic --enable-checking=release --build=i686-linux-gnu --host=i686-linux-gnu --target=i686-linux-gnu
Thread model: posix
gcc version 4.6.1 (Ubuntu/Linaro 4.6.1-9ubuntu3) 
configure:7020: $? = 0
configure:7022: f95 -V </dev/null >&5
f95: error: unrecognized option '-V'
f95: fatal error: no input files
compilation terminated.
configure:7025: $? = 4
configure:7038: f95 -c  conftest.f >&5
configure:7044: $? = 0
configure:7046: checking for suffix of module files
configure:7077: result: mod
configure:7089: checking whether we are using the GNU Fortran 77 compiler
configure:7103: f95 -c  conftest.F >&5
configure:7109: $? = 0
configure:7113: test -z 
			 || test ! -s conftest.err
configure:7116: $? = 0
configure:7119: test -s conftest.o
configure:7122: $? = 0
configure:7135: result: yes
configure:7141: checking whether f95 accepts -g
configure:7153: f95 -c -g conftest.f >&5
configure:7159: $? = 0
configure:7163: test -z 
			 || test ! -s conftest.err
configure:7166: $? = 0
configure:7169: test -s conftest.o
configure:7172: $? = 0
configure:7184: result: yes
configure:7214: checking the maximum length of command line arguments
configure:7306: result: 32768
configure:7317: checking command to parse /usr/bin/nm -B output from gcc object
configure:7413: gcc -c -g -O2  conftest.c >&5
configure:7416: $? = 0
configure:7420: /usr/bin/nm -B conftest.o \| sed -n -e 's/^.*[ 	]\([ABCDGIRSTW][ABCDGIRSTW]*\)[ 	][ 	]*\([_A-Za-z][_A-Za-z0-9]*\)$/\1 \2 \2/p' \> conftest.nm
configure:7423: $? = 0
configure:7475: gcc -o conftest -g -O2   conftest.c conftstm.o >&5
configure:7478: $? = 0
configure:7516: result: ok
configure:7520: checking for objdir
configure:7535: result: .libs
configure:7625: checking for ar
configure:7641: found /usr/bin/ar
configure:7652: result: ar
configure:7705: checking for ranlib
configure:7721: found /usr/bin/ranlib
configure:7732: result: ranlib
configure:7785: checking for strip
configure:7801: found /usr/bin/strip
configure:7812: result: strip
configure:8099: checking if gcc static flag  works
configure:8127: result: yes
configure:8145: checking if gcc supports -fno-rtti -fno-exceptions
configure:8163: gcc -c -g -O2  -fno-rtti -fno-exceptions conftest.c >&5
cc1: warning: command line option '-fno-rtti' is valid for C++/ObjC++ but not for C [enabled by default]
configure:8167: $? = 0
configure:8180: result: no
configure:8195: checking for gcc option to produce PIC
configure:8399: result: -fPIC
configure:8407: checking if gcc PIC flag -fPIC works
configure:8425: gcc -c -g -O2  -fPIC -DPIC conftest.c >&5
configure:8429: $? = 0
configure:8442: result: yes
configure:8466: checking if gcc supports -c -o file.o
configure:8487: gcc -c -g -O2  -o out/conftest2.o conftest.c >&5
configure:8491: $? = 0
configure:8513: result: yes
configure:8539: checking whether the gcc linker (/usr/bin/ld) supports shared libraries
configure:9440: result: yes
configure:9466: checking whether -lc should be explicitly linked in
configure:9471: gcc -c -g -O2  conftest.c >&5
configure:9474: $? = 0
configure:9488: gcc -shared conftest.o  -v -Wl,-soname -Wl,conftest -o conftest 2\>\&1 \| grep  -lc  \>/dev/null 2\>\&1
configure:9491: $? = 0
configure:9503: result: no
configure:9511: checking dynamic linker characteristics
configure:10057: result: GNU/Linux ld.so
configure:10061: checking how to hardcode library paths into programs
configure:10086: result: immediate
configure:10100: checking whether stripping libraries is possible
configure:10105: result: yes
configure:10935: checking if libtool supports shared libraries
configure:10937: result: yes
configure:10940: checking whether to build shared libraries
configure:10961: result: yes
configure:10964: checking whether to build static libraries
configure:10968: result: yes
configure:11060: creating libtool
configure:11638: checking for ld used by g++
configure:11705: result: /usr/bin/ld
configure:11714: checking if the linker (/usr/bin/ld) is GNU ld
configure:11729: result: yes
configure:11780: checking whether the g++ linker (/usr/bin/ld) supports shared libraries
configure:12667: result: yes
configure:12685: g++ -c -g -O2  conftest.cc >&5
configure:12688: $? = 0
configure:12784: checking for g++ option to produce PIC
configure:13052: result: -fPIC
configure:13060: checking if g++ PIC flag -fPIC works
configure:13078: g++ -c -g -O2  -fPIC -DPIC conftest.cc >&5
configure:13082: $? = 0
configure:13095: result: yes
configure:13119: checking if g++ supports -c -o file.o
configure:13140: g++ -c -g -O2  -o out/conftest2.o conftest.cc >&5
configure:13144: $? = 0
configure:13166: result: yes
configure:13192: checking whether the g++ linker (/usr/bin/ld) supports shared libraries
configure:13217: result: yes
configure:13288: checking dynamic linker characteristics
configure:13834: result: GNU/Linux ld.so
configure:13838: checking how to hardcode library paths into programs
configure:13863: result: immediate
configure:13877: checking whether stripping libraries is possible
configure:13882: result: yes
configure:15218: checking if libtool supports shared libraries
configure:15220: result: yes
configure:15223: checking whether to build shared libraries
configure:15243: result: yes
configure:15246: checking whether to build static libraries
configure:15250: result: yes
configure:15262: checking for f95 option to produce PIC
configure:15466: result: -fPIC
configure:15474: checking if f95 PIC flag -fPIC works
configure:15492: f95 -c -g -O2 -fPIC conftest.f >&5
configure:15496: $? = 0
configure:15509: result: yes
configure:15533: checking if f95 supports -c -o file.o
configure:15554: f95 -c -g -O2 -o out/conftest2.o conftest.f >&5
configure:15558: $? = 0
configure:15580: result: yes
configure:15606: checking whether the f95 linker (/usr/bin/ld) supports shared libraries
configure:16487: result: yes
configure:16558: checking dynamic linker characteristics
configure:17104: result: GNU/Linux ld.so
configure:17108: checking how to hardcode library paths into programs
configure:17133: result: immediate
configure:17147: checking whether stripping libraries is possible
configure:17152: result: yes
configure:21398: checking whether ln -s works
configure:21402: result: yes
configure:21437: checking for pthread_create in -lpthread
configure:21467: gcc -o conftest -g -O2   conftest.c -lpthread   >&5
configure:21473: $? = 0
configure:21477: test -z 
			 || test ! -s conftest.err
configure:21480: $? = 0
configure:21483: test -s conftest
configure:21486: $? = 0
configure:21499: result: yes
configure:21542: checking stdarg.h usability
configure:21554: gcc -c -g -O2  conftest.c >&5
configure:21560: $? = 0
configure:21564: test -z 
			 || test ! -s conftest.err
configure:21567: $? = 0
configure:21570: test -s conftest.o
configure:21573: $? = 0
configure:21583: result: yes
configure:21587: checking stdarg.h presence
configure:21597: gcc -E  conftest.c
configure:21603: $? = 0
configure:21623: result: yes
configure:21658: checking for stdarg.h
configure:21665: result: yes
configure:21694: checking execinfo.h usability
configure:21706: gcc -c -g -O2  conftest.c >&5
configure:21712: $? = 0
configure:21716: test -z 
			 || test ! -s conftest.err
configure:21719: $? = 0
configure:21722: test -s conftest.o
configure:21725: $? = 0
configure:21735: result: yes
configure:21739: checking execinfo.h presence
configure:21749: gcc -E  conftest.c
configure:21755: $? = 0
configure:21775: result: yes
configure:21810: checking for execinfo.h
configure:21817: result: yes
configure:21834: checking for backtrace
configure:21891: gcc -o conftest -g -O2   conftest.c -lpthread  >&5
configure:21897: $? = 0
configure:21901: test -z 
			 || test ! -s conftest.err
configure:21904: $? = 0
configure:21907: test -s conftest
configure:21910: $? = 0
configure:21922: result: yes
configure:21939: checking for strerror_r
configure:21996: gcc -o conftest -g -O2   conftest.c -lpthread  >&5
configure:22002: $? = 0
configure:22006: test -z 
			 || test ! -s conftest.err
configure:22009: $? = 0
configure:22012: test -s conftest
configure:22015: $? = 0
configure:22027: result: yes
configure:21939: checking for strtok_r
configure:21996: gcc -o conftest -g -O2   conftest.c -lpthread  >&5
configure:22002: $? = 0
configure:22006: test -z 
			 || test ! -s conftest.err
configure:22009: $? = 0
configure:22012: test -s conftest
configure:22015: $? = 0
configure:22027: result: yes
configure:22039: checking for long double
configure:22063: gcc -c -g -O2  conftest.c >&5
configure:22069: $? = 0
configure:22073: test -z 
			 || test ! -s conftest.err
configure:22076: $? = 0
configure:22079: test -s conftest.o
configure:22082: $? = 0
configure:22093: result: yes
configure:22106: checking for int64_t
configure:22130: gcc -c -g -O2  conftest.c >&5
configure:22136: $? = 0
configure:22140: test -z 
			 || test ! -s conftest.err
configure:22143: $? = 0
configure:22146: test -s conftest.o
configure:22149: $? = 0
configure:22160: result: yes
configure:22170: checking for uint64_t
configure:22194: gcc -c -g -O2  conftest.c >&5
configure:22200: $? = 0
configure:22204: test -z 
			 || test ! -s conftest.err
configure:22207: $? = 0
configure:22210: test -s conftest.o
configure:22213: $? = 0
configure:22224: result: yes
configure:22237: checking for long
configure:22261: gcc -c -g -O2  conftest.c >&5
configure:22267: $? = 0
configure:22271: test -z 
			 || test ! -s conftest.err
configure:22274: $? = 0
configure:22277: test -s conftest.o
configure:22280: $? = 0
configure:22291: result: yes
configure:22294: checking size of long
configure:22613: gcc -o conftest -g -O2   conftest.c -lpthread  >&5
configure:22616: $? = 0
configure:22618: ./conftest
configure:22621: $? = 0
configure:22644: result: 4
configure:22651: checking for long long
configure:22675: gcc -c -g -O2  conftest.c >&5
configure:22681: $? = 0
configure:22685: test -z 
			 || test ! -s conftest.err
configure:22688: $? = 0
configure:22691: test -s conftest.o
configure:22694: $? = 0
configure:22705: result: yes
configure:22708: checking size of long long
configure:23027: gcc -o conftest -g -O2   conftest.c -lpthread  >&5
configure:23030: $? = 0
configure:23032: ./conftest
configure:23035: $? = 0
configure:23058: result: 8
configure:23073: checking how to get verbose linking output from f95
configure:23084: f95 -c -g -O2  conftest.f >&5
configure:23090: $? = 0
configure:23094: test -z 
			 || test ! -s conftest.err
configure:23097: $? = 0
configure:23100: test -s conftest.o
configure:23103: $? = 0
configure:23120: f95 -o conftest -g -O2 -v   conftest.f -lpthread  >&5
Using built-in specs.
COLLECT_GCC=f95
COLLECT_LTO_WRAPPER=/usr/lib/gcc/i686-linux-gnu/4.6.1/lto-wrapper
Target: i686-linux-gnu
Configured with: ../src/configure -v --with-pkgversion='Ubuntu/Linaro 4.6.1-9ubuntu3' --with-bugurl=file:///usr/share/doc/gcc-4.6/README.Bugs --enable-languages=c,c++,fortran,objc,obj-c++,go --prefix=/usr --program-suffix=-4.6 --enable-shared --enable-linker-build-id --with-system-zlib --libexecdir=/usr/lib --without-included-gettext --enable-threads=posix --with-gxx-include-dir=/usr/include/c++/4.6 --libdir=/usr/lib --enable-nls --with-sysroot=/ --enable-clocale=gnu --enable-libstdcxx-debug --enable-libstdcxx-time=yes --enable-plugin --enable-objc-gc --enable-targets=all --disable-werror --with-arch-32=i686 --with-tune=generic --enable-checking=release --build=i686-linux-gnu --host=i686-linux-gnu --target=i686-linux-gnu
Thread model: posix
gcc version 4.6.1 (Ubuntu/Linaro 4.6.1-9ubuntu3) 
COLLECT_GCC_OPTIONS='-o' 'conftest' '-g' '-O2' '-v' '-shared-libgcc' '-mtune=generic' '-march=i686'
 /usr/lib/gcc/i686-linux-gnu/4.6.1/f951 conftest.f -ffixed-form -quiet -dumpbase conftest.f -mtune=generic -march=i686 -auxbase conftest -g -O2 -version -fintrinsic-modules-path /usr/lib/gcc/i686-linux-gnu/4.6.1/finclude -o /tmp/ccFwLi49.s
GNU Fortran (Ubuntu/Linaro 4.6.1-9ubuntu3) version 4.6.1 (i686-linux-gnu)
	compiled by GNU C version 4.6.1, GMP version 5.0.1, MPFR version 3.0.1-p3, MPC version 0.9
GGC heuristics: --param ggc-min-expand=100 --param ggc-min-heapsize=131072
GNU Fortran (Ubuntu/Linaro 4.6.1-9ubuntu3) version 4.6.1 (i686-linux-gnu)
	compiled by GNU C version 4.6.1, GMP version 5.0.1, MPFR version 3.0.1-p3, MPC version 0.9
GGC heuristics: --param ggc-min-expand=100 --param ggc-min-heapsize=131072
COLLECT_GCC_OPTIONS='-o' 'conftest' '-g' '-O2' '-v' '-shared-libgcc' '-mtune=generic' '-march=i686'
 as --32 -o /tmp/ccSd1FQ9.o /tmp/ccFwLi49.s
Reading specs from /usr/lib/gcc/i686-linux-gnu/4.6.1/libgfortran.spec
rename spec lib to liborig
COLLECT_GCC_OPTIONS='-o' 'conftest' '-g' '-O2' '-v' '-shared-libgcc' '-mtune=generic' '-march=i686'
COMPILER_PATH=/usr/lib/gcc/i686-linux-gnu/4.6.1/:/usr/lib/gcc/i686-linux-gnu/4.6.1/:/usr/lib/gcc/i686-linux-gnu/:/usr/lib/gcc/i686-linux-gnu/4.6.1/:/usr/lib/gcc/i686-linux-gnu/
LIBRARY_PATH=/usr/lib/gcc/i686-linux-gnu/4.6.1/:/usr/lib/gcc/i686-linux-gnu/4.6.1/../../../i386-linux-gnu/:/usr/lib/gcc/i686-linux-gnu/4.6.1/../../../../lib/:/lib/i386-linux-gnu/:/lib/../lib/:/usr/lib/i386-linux-gnu/:/usr/lib/../lib/:/usr/lib/gcc/i686-linux-gnu/4.6.1/../../../:/lib/:/usr/lib/
COLLECT_GCC_OPTIONS='-o' 'conftest' '-g' '-O2' '-v' '-shared-libgcc' '-mtune=generic' '-march=i686'
 /usr/lib/gcc/i686-linux-gnu/4.6.1/collect2 --build-id --no-add-needed --as-needed --eh-frame-hdr -m elf_i386 --hash-style=gnu -dynamic-linker /lib/ld-linux.so.2 -z relro -o conftest /usr/lib/gcc/i686-linux-gnu/4.6.1/../../../i386-linux-gnu/crt1.o /usr/lib/gcc/i686-linux-gnu/4.6.1/../../../i386-linux-gnu/crti.o /usr/lib/gcc/i686-linux-gnu/4.6.1/crtbegin.o -L/usr/lib/gcc/i686-linux-gnu/4.6.1 -L/usr/lib/gcc/i686-linux-gnu/4.6.1/../../../i386-linux-gnu -L/usr/lib/gcc/i686-linux-gnu/4.6.1/../../../../lib -L/lib/i386-linux-gnu -L/lib/../lib -L/usr/lib/i386-linux-gnu -L/usr/lib/../lib -L/usr/lib/gcc/i686-linux-gnu/4.6.1/../../.. /tmp/ccSd1FQ9.o -lpthread -lgfortran -lm -lgcc_s -lgcc -lquadmath -lm -lgcc_s -lgcc -lc -lgcc_s -lgcc /usr/lib/gcc/i686-linux-gnu/4.6.1/crtend.o /usr/lib/gcc/i686-linux-gnu/4.6.1/../../../i386-linux-gnu/crtn.o
configure:23175: result: -v
configure:23177: checking for Fortran libraries of f95
configure:23198: f95 -o conftest -g -O2 -v   conftest.f -lpthread  >&5
Using built-in specs.
COLLECT_GCC=f95
COLLECT_LTO_WRAPPER=/usr/lib/gcc/i686-linux-gnu/4.6.1/lto-wrapper
Target: i686-linux-gnu
Configured with: ../src/configure -v --with-pkgversion='Ubuntu/Linaro 4.6.1-9ubuntu3' --with-bugurl=file:///usr/share/doc/gcc-4.6/README.Bugs --enable-languages=c,c++,fortran,objc,obj-c++,go --prefix=/usr --program-suffix=-4.6 --enable-shared --enable-linker-build-id --with-system-zlib --libexecdir=/usr/lib --without-included-gettext --enable-threads=posix --with-gxx-include-dir=/usr/include/c++/4.6 --libdir=/usr/lib --enable-nls --with-sysroot=/ --enable-clocale=gnu --enable-libstdcxx-debug --enable-libstdcxx-time=yes --enable-plugin --enable-objc-gc --enable-targets=all --disable-werror --with-arch-32=i686 --with-tune=generic --enable-checking=release --build=i686-linux-gnu --host=i686-linux-gnu --target=i686-linux-gnu
Thread model: posix
gcc version 4.6.1 (Ubuntu/Linaro 4.6.1-9ubuntu3) 
COLLECT_GCC_OPTIONS='-o' 'conftest' '-g' '-O2' '-v' '-shared-libgcc' '-mtune=generic' '-march=i686'
 /usr/lib/gcc/i686-linux-gnu/4.6.1/f951 conftest.f -ffixed-form -quiet -dumpbase conftest.f -mtune=generic -march=i686 -auxbase conftest -g -O2 -version -fintrinsic-modules-path /usr/lib/gcc/i686-linux-gnu/4.6.1/finclude -o /tmp/cc6Pf1li.s
GNU Fortran (Ubuntu/Linaro 4.6.1-9ubuntu3) version 4.6.1 (i686-linux-gnu)
	compiled by GNU C version 4.6.1, GMP version 5.0.1, MPFR version 3.0.1-p3, MPC version 0.9
GGC heuristics: --param ggc-min-expand=100 --param ggc-min-heapsize=131072
GNU Fortran (Ubuntu/Linaro 4.6.1-9ubuntu3) version 4.6.1 (i686-linux-gnu)
	compiled by GNU C version 4.6.1, GMP version 5.0.1, MPFR version 3.0.1-p3, MPC version 0.9
GGC heuristics: --param ggc-min-expand=100 --param ggc-min-heapsize=131072
COLLECT_GCC_OPTIONS='-o' 'conftest' '-g' '-O2' '-v' '-shared-libgcc' '-mtune=generic' '-march=i686'
 as --32 -o /tmp/ccidPqki.o /tmp/cc6Pf1li.s
Reading specs from /usr/lib/gcc/i686-linux-gnu/4.6.1/libgfortran.spec
rename spec lib to liborig
COLLECT_GCC_OPTIONS='-o' 'conftest' '-g' '-O2' '-v' '-shared-libgcc' '-mtune=generic' '-march=i686'
COMPILER_PATH=/usr/lib/gcc/i686-linux-gnu/4.6.1/:/usr/lib/gcc/i686-linux-gnu/4.6.1/:/usr/lib/gcc/i686-linux-gnu/:/usr/lib/gcc/i686-linux-gnu/4.6.1/:/usr/lib/gcc/i686-linux-gnu/
LIBRARY_PATH=/usr/lib/gcc/i686-linux-gnu/4.6.1/:/usr/lib/gcc/i686-linux-gnu/4.6.1/../../../i386-linux-gnu/:/usr/lib/gcc/i686-linux-gnu/4.6.1/../../../../lib/:/lib/i386-linux-gnu/:/lib/../lib/:/usr/lib/i386-linux-gnu/:/usr/lib/../lib/:/usr/lib/gcc/i686-linux-gnu/4.6.1/../../../:/lib/:/usr/lib/
COLLECT_GCC_OPTIONS='-o' 'conftest' '-g' '-O2' '-v' '-shared-libgcc' '-mtune=generic' '-march=i686'
 /usr/lib/gcc/i686-linux-gnu/4.6.1/collect2 --build-id --no-add-needed --as-needed --eh-frame-hdr -m elf_i386 --hash-style=gnu -dynamic-linker /lib/ld-linux.so.2 -z relro -o conftest /usr/lib/gcc/i686-linux-gnu/4.6.1/../../../i386-linux-gnu/crt1.o /usr/lib/gcc/i686-linux-gnu/4.6.1/../../../i386-linux-gnu/crti.o /usr/lib/gcc/i686-linux-gnu/4.6.1/crtbegin.o -L/usr/lib/gcc/i686-linux-gnu/4.6.1 -L/usr/lib/gcc/i686-linux-gnu/4.6.1/../../../i386-linux-gnu -L/usr/lib/gcc/i686-linux-gnu/4.6.1/../../../../lib -L/lib/i386-linux-gnu -L/lib/../lib -L/usr/lib/i386-linux-gnu -L/usr/lib/../lib -L/usr/lib/gcc/i686-linux-gnu/4.6.1/../../.. /tmp/ccidPqki.o -lpthread -lgfortran -lm -lgcc_s -lgcc -lquadmath -lm -lgcc_s -lgcc -lc -lgcc_s -lgcc /usr/lib/gcc/i686-linux-gnu/4.6.1/crtend.o /usr/lib/gcc/i686-linux-gnu/4.6.1/../../../i386-linux-gnu/crtn.o
configure:23359: result:  -L/usr/lib/gcc/i686-linux-gnu/4.6.1 -L/usr/lib/gcc/i686-linux-gnu/4.6.1/../../../i386-linux-gnu -L/usr/lib/gcc/i686-linux-gnu/4.6.1/../../../../lib -L/lib/i386-linux-gnu -L/lib/../lib -L/usr/lib/i386-linux-gnu -L/usr/lib/../lib -L/usr/lib/gcc/i686-linux-gnu/4.6.1/../../.. -lpthread -lgfortran -lm -lgcc_s -lquadmath
configure:23377: checking for perl
configure:23396: found /usr/bin/perl
configure:23409: result: /usr/bin/perl
configure:23422: checking for isnan
configure:23479: gcc -o conftest -g -O2   conftest.c -lpthread  >&5
conftest.c:60:6: warning: conflicting types for built-in function 'isnan' [enabled by default]
configure:23485: $? = 0
configure:23489: test -z 
			 || test ! -s conftest.err
configure:23492: $? = 0
configure:23495: test -s conftest
configure:23498: $? = 0
configure:23510: result: yes
configure:23520: checking whether isnan is declared
configure:23546: gcc -c -g -O2  conftest.c >&5
configure:23552: $? = 0
configure:23556: test -z 
			 || test ! -s conftest.err
configure:23559: $? = 0
configure:23562: test -s conftest.o
configure:23565: $? = 0
configure:23576: result: yes
configure:23598: checking for isfinite
configure:23655: gcc -o conftest -g -O2   conftest.c -lpthread  >&5
/tmp/cc2EqYHC.o:(.data+0x0): undefined reference to `isfinite'
/tmp/cc2EqYHC.o: In function `main':
/home/raj/Desktop/ast-7.2.0/conftest.c:78: undefined reference to `isfinite'
collect2: ld returned 1 exit status
configure:23661: $? = 1
configure: failed program was:
| /* confdefs.h.  */
| 
| #define PACKAGE_NAME "ast"
| #define PACKAGE_TARNAME "ast"
| #define PACKAGE_VERSION "7.2.0"
| #define PACKAGE_STRING "ast 7.2.0"
| #define PACKAGE_BUGREPORT "starlink@jiscmail.ac.uk"
| #define PACKAGE "ast"
| #define VERSION "7.2.0"
| #define STDC_HEADERS 1
| #define HAVE_SYS_TYPES_H 1
| #define HAVE_SYS_STAT_H 1
| #define HAVE_STDLIB_H 1
| #define HAVE_STRING_H 1
| #define HAVE_MEMORY_H 1
| #define HAVE_STRINGS_H 1
| #define HAVE_INTTYPES_H 1
| #define HAVE_STDINT_H 1
| #define HAVE_UNISTD_H 1
| #define HAVE_DLFCN_H 1
| #ifdef __cplusplus
| extern "C" void exit (int) throw ();
| #endif
| #define HAVE_LIBPTHREAD 1
| #define HAVE_STDARG_H 1
| #define HAVE_EXECINFO_H 1
| #define HAVE_BACKTRACE 1
| #define HAVE_STRERROR_R 1
| #define HAVE_STRTOK_R 1
| #define HAVE_LONG_DOUBLE 1
| #define HAVE_INT64_T 1
| #define HAVE_UINT64_T 1
| #define SIZEOF_LONG 4
| #define SIZEOF_LONG_LONG 8
| #define HAVE_ISNAN 1
| #define HAVE_DECL_ISNAN 1
| /* end confdefs.h.  */
| /* Define isfinite to an innocuous variant, in case <limits.h> declares isfinite.
|    For example, HP-UX 11i <limits.h> declares gettimeofday.  */
| #define isfinite innocuous_isfinite
| 
| /* System header to define __stub macros and hopefully few prototypes,
|     which can conflict with char isfinite (); below.
|     Prefer <limits.h> to <assert.h> if __STDC__ is defined, since
|     <limits.h> exists even on freestanding compilers.  */
| 
| #ifdef __STDC__
| # include <limits.h>
| #else
| # include <assert.h>
| #endif
| 
| #undef isfinite
| 
| /* Override any gcc2 internal prototype to avoid an error.  */
| #ifdef __cplusplus
| extern "C"
| {
| #endif
| /* We use char because int might match the return type of a gcc2
|    builtin and then its argument prototype would still apply.  */
| char isfinite ();
| /* The GNU C library defines this for functions which it implements
|     to always fail with ENOSYS.  Some functions are actually named
|     something starting with __ and the normal name is an alias.  */
| #if defined (__stub_isfinite) || defined (__stub___isfinite)
| choke me
| #else
| char (*f) () = isfinite;
| #endif
| #ifdef __cplusplus
| }
| #endif
| 
| int
| main ()
| {
| return f != isfinite;
|   ;
|   return 0;
| }
configure:23686: result: no
configure:23696: checking whether isfinite is declared
configure:23722: gcc -c -g -O2  conftest.c >&5
configure:23728: $? = 0
configure:23732: test -z 
			 || test ! -s conftest.err
configure:23735: $? = 0
configure:23738: test -s conftest.o
configure:23741: $? = 0
configure:23752: result: yes
configure:23783: checking if f95 is in strict f2c compatible mode
configure:23863: result: 
configure:23876: checking for void*
configure:23900: gcc -c -g -O2  conftest.c >&5
configure:23906: $? = 0
configure:23910: test -z 
			 || test ! -s conftest.err
configure:23913: $? = 0
configure:23916: test -s conftest.o
configure:23919: $? = 0
configure:23930: result: yes
configure:23933: checking size of void*
configure:24252: gcc -o conftest -g -O2   conftest.c -lpthread  >&5
configure:24255: $? = 0
configure:24257: ./conftest
configure:24260: $? = 0
configure:24283: result: 4
configure:24289: checking whether f95 has the %LOC extension
configure:24309: f95 -c -g -O2  conftest.f >&5
conftest.f:5.14:

      ADDR = %LOC( I )                                                  
              1
Error: Invalid character in name at (1)
configure:24315: $? = 1
configure: failed program was:
|       program main
| 
|       INTEGER I, ADDR
|       I = 1
|       ADDR = %LOC( I )
| 
|       end
configure:24345: result: no
configure:24354: checking type used for Fortran string lengths
configure:24442: result: int
configure:24485: in post-distribution state
configure:24515: checking for messgen
configure:24547: result: messgen
configure:24561: checking whether the sscanf function is ANSI-compatible
configure:24607: gcc -o conftest -g -O2   conftest.c -lpthread  >&5
configure:24610: $? = 0
configure:24612: ./conftest
configure:24615: $? = 1
configure: program exited with status 1
configure: failed program was:
| /* confdefs.h.  */
| 
| #define PACKAGE_NAME "ast"
| #define PACKAGE_TARNAME "ast"
| #define PACKAGE_VERSION "7.2.0"
| #define PACKAGE_STRING "ast 7.2.0"
| #define PACKAGE_BUGREPORT "starlink@jiscmail.ac.uk"
| #define PACKAGE "ast"
| #define VERSION "7.2.0"
| #define STDC_HEADERS 1
| #define HAVE_SYS_TYPES_H 1
| #define HAVE_SYS_STAT_H 1
| #define HAVE_STDLIB_H 1
| #define HAVE_STRING_H 1
| #define HAVE_MEMORY_H 1
| #define HAVE_STRINGS_H 1
| #define HAVE_INTTYPES_H 1
| #define HAVE_STDINT_H 1
| #define HAVE_UNISTD_H 1
| #define HAVE_DLFCN_H 1
| #ifdef __cplusplus
| extern "C" void exit (int) throw ();
| #endif
| #define HAVE_LIBPTHREAD 1
| #define HAVE_STDARG_H 1
| #define HAVE_EXECINFO_H 1
| #define HAVE_BACKTRACE 1
| #define HAVE_STRERROR_R 1
| #define HAVE_STRTOK_R 1
| #define HAVE_LONG_DOUBLE 1
| #define HAVE_INT64_T 1
| #define HAVE_UINT64_T 1
| #define SIZEOF_LONG 4
| #define SIZEOF_LONG_LONG 8
| #define HAVE_ISNAN 1
| #define HAVE_DECL_ISNAN 1
| #define HAVE_DECL_ISFINITE 1
| #define SIZEOF_VOIDP 4
| #define TRAIL_TYPE int
| /* end confdefs.h.  */
| 
| 
| #include <stdio.h>
| #include <stdlib.h>
| 
| int main() {
|   char foo[] = " name 1111.1 ";
|   char mingw[] = "system= FK4_NO_E";
| 
|   char bar[8];
|   float ff;
|   int system;
|   int nc;
|   int r;
| 
|   nc = 0;
|   r = sscanf(foo, " %s %f %n", bar, &ff, &nc);
| 
|   if ( nc == 13 ) {
|      nc = 0;
|      r = sscanf( mingw, "system= %n%*s %n", &system, &nc );
|      if ( nc != 0 ) nc = 13;
|   }
|   exit( ( nc != 13 ) ? 0 : 1 );
| }
| 
| 
configure:24631: result: yes
configure:24707: checking for star2html
configure:24739: result: star2html
configure:24752: checking for prolat
configure:24784: result: prolat
configure:24995: creating ./config.status

## ---------------------- ##
## Running config.status. ##
## ---------------------- ##

This file was extended by ast config.status 7.2.0, which was
generated by Starlink Autoconf 2.59.  Invocation command line was

  CONFIG_FILES    = 
  CONFIG_HEADERS  = 
  CONFIG_LINKS    = 
  CONFIG_COMMANDS = 
  $ ./config.status 

on backup

config.status:767: creating Makefile
config.status:767: creating component.xml
config.status:767: creating ast_link
config.status:767: creating ast_link_adam
config.status:767: creating object.h
config.status:767: creating f77.h
config.status:767: creating ast_cpp
config.status:875: creating config.h
config.status:1195: executing depfiles commands

## ---------------- ##
## Cache variables. ##
## ---------------- ##

ac_cv_build=i686-pc-linux-gnu
ac_cv_build_alias=i686-pc-linux-gnu
ac_cv_c_compiler_gnu=yes
ac_cv_cxx_compiler_gnu=yes
ac_cv_env_CC_set=
ac_cv_env_CC_value=
ac_cv_env_CFLAGS_set=
ac_cv_env_CFLAGS_value=
ac_cv_env_CPPFLAGS_set=
ac_cv_env_CPPFLAGS_value=
ac_cv_env_CPP_set=
ac_cv_env_CPP_value=
ac_cv_env_CXXCPP_set=
ac_cv_env_CXXCPP_value=
ac_cv_env_CXXFLAGS_set=
ac_cv_env_CXXFLAGS_value=
ac_cv_env_CXX_set=
ac_cv_env_CXX_value=
ac_cv_env_F77_set=
ac_cv_env_F77_value=
ac_cv_env_FCFLAGS_set=
ac_cv_env_FCFLAGS_value=
ac_cv_env_FC_set=
ac_cv_env_FC_value=
ac_cv_env_FFLAGS_set=
ac_cv_env_FFLAGS_value=
ac_cv_env_LDFLAGS_set=
ac_cv_env_LDFLAGS_value=
ac_cv_env_MESSGEN_set=
ac_cv_env_MESSGEN_value=
ac_cv_env_PROLAT_set=
ac_cv_env_PROLAT_value=
ac_cv_env_STAR2HTML_set=
ac_cv_env_STAR2HTML_value=
ac_cv_env_STARLINK_set=
ac_cv_env_STARLINK_value=
ac_cv_env_build_alias_set=
ac_cv_env_build_alias_value=
ac_cv_env_host_alias_set=
ac_cv_env_host_alias_value=
ac_cv_env_target_alias_set=
ac_cv_env_target_alias_value=
ac_cv_exeext=
ac_cv_f77_compiler_gnu=yes
ac_cv_fc_compiler_gnu=yes
ac_cv_fc_have_percentloc=no
ac_cv_fc_libs=' -L/usr/lib/gcc/i686-linux-gnu/4.6.1 -L/usr/lib/gcc/i686-linux-gnu/4.6.1/../../../i386-linux-gnu -L/usr/lib/gcc/i686-linux-gnu/4.6.1/../../../../lib -L/lib/i386-linux-gnu -L/lib/../lib -L/usr/lib/i386-linux-gnu -L/usr/lib/../lib -L/usr/lib/gcc/i686-linux-gnu/4.6.1/../../.. -lpthread -lgfortran -lm -lgcc_s -lquadmath'
ac_cv_func_backtrace=yes
ac_cv_func_isfinite=no
ac_cv_func_isnan=yes
ac_cv_func_strerror_r=yes
ac_cv_func_strtok_r=yes
ac_cv_have_decl_isfinite=yes
ac_cv_have_decl_isnan=yes
ac_cv_header_dlfcn_h=yes
ac_cv_header_execinfo_h=yes
ac_cv_header_inttypes_h=yes
ac_cv_header_memory_h=yes
ac_cv_header_stdarg_h=yes
ac_cv_header_stdc=yes
ac_cv_header_stdint_h=yes
ac_cv_header_stdlib_h=yes
ac_cv_header_string_h=yes
ac_cv_header_strings_h=yes
ac_cv_header_sys_stat_h=yes
ac_cv_header_sys_types_h=yes
ac_cv_header_unistd_h=yes
ac_cv_host=i686-pc-linux-gnu
ac_cv_host_alias=i686-pc-linux-gnu
ac_cv_lib_pthread_pthread_create=yes
ac_cv_objext=o
ac_cv_path_MESSGEN=messgen
ac_cv_path_PERL=/usr/bin/perl
ac_cv_path_PROLAT=prolat
ac_cv_path_STAR2HTML=star2html
ac_cv_path_TAR=/bin/tar
ac_cv_path_install='/usr/bin/install -c'
ac_cv_prog_AWK=mawk
ac_cv_prog_CPP='gcc -E'
ac_cv_prog_CXXCPP='g++ -E'
ac_cv_prog_ac_ct_AR=ar
ac_cv_prog_ac_ct_CC=gcc
ac_cv_prog_ac_ct_CXX=g++
ac_cv_prog_ac_ct_F77=f95
ac_cv_prog_ac_ct_FC=f95
ac_cv_prog_ac_ct_RANLIB=ranlib
ac_cv_prog_ac_ct_STRIP=strip
ac_cv_prog_cc_g=yes
ac_cv_prog_cc_stdc=
ac_cv_prog_cxx_g=yes
ac_cv_prog_egrep='grep -E'
ac_cv_prog_f77_g=yes
ac_cv_prog_fc_g=yes
ac_cv_prog_fc_v=-v
ac_cv_prog_make_make_set=yes
ac_cv_sizeof_long=4
ac_cv_sizeof_long_long=8
ac_cv_sizeof_voidp=4
ac_cv_type_int64_t=yes
ac_cv_type_long=yes
ac_cv_type_long_double=yes
ac_cv_type_long_long=yes
ac_cv_type_uint64_t=yes
ac_cv_type_voidp=yes
am_cv_CC_dependencies_compiler_type=gcc3
am_cv_CXX_dependencies_compiler_type=gcc3
lt_cv_deplibs_check_method=pass_all
lt_cv_file_magic_cmd='$MAGIC_CMD'
lt_cv_file_magic_test_file=
lt_cv_ld_reload_flag=-r
lt_cv_objdir=.libs
lt_cv_path_LD=/usr/bin/ld
lt_cv_path_LDCXX=/usr/bin/ld
lt_cv_path_NM='/usr/bin/nm -B'
lt_cv_path_SED=/bin/sed
lt_cv_prog_compiler_c_o=yes
lt_cv_prog_compiler_c_o_CXX=yes
lt_cv_prog_compiler_c_o_F77=yes
lt_cv_prog_compiler_rtti_exceptions=no
lt_cv_prog_gnu_ld=yes
lt_cv_prog_gnu_ldcxx=yes
lt_cv_sys_global_symbol_pipe='sed -n -e '\''s/^.*[ 	]\([ABCDGIRSTW][ABCDGIRSTW]*\)[ 	][ 	]*\([_A-Za-z][_A-Za-z0-9]*\)$/\1 \2 \2/p'\'''
lt_cv_sys_global_symbol_to_c_name_address='sed -n -e '\''s/^: \([^ ]*\) $/  {\"\1\", (lt_ptr) 0},/p'\'' -e '\''s/^[BCDEGRST] \([^ ]*\) \([^ ]*\)$/  {"\2", (lt_ptr) \&\2},/p'\'''
lt_cv_sys_global_symbol_to_cdecl='sed -n -e '\''s/^. .* \(.*\)$/extern int \1;/p'\'''
lt_cv_sys_max_cmd_len=32768
lt_lt_cv_prog_compiler_c_o='"yes"'
lt_lt_cv_prog_compiler_c_o_CXX='"yes"'
lt_lt_cv_prog_compiler_c_o_F77='"yes"'
lt_lt_cv_sys_global_symbol_pipe='"sed -n -e '\''s/^.*[ 	]\\([ABCDGIRSTW][ABCDGIRSTW]*\\)[ 	][ 	]*\\([_A-Za-z][_A-Za-z0-9]*\\)\$/\\1 \\2 \\2/p'\''"'
lt_lt_cv_sys_global_symbol_to_c_name_address='"sed -n -e '\''s/^: \\([^ ]*\\) \$/  {\\\"\\1\\\", (lt_ptr) 0},/p'\'' -e '\''s/^[BCDEGRST] \\([^ ]*\\) \\([^ ]*\\)\$/  {\"\\2\", (lt_ptr) \\&\\2},/p'\''"'
lt_lt_cv_sys_global_symbol_to_cdecl='"sed -n -e '\''s/^. .* \\(.*\\)\$/extern int \\1;/p'\''"'
star_cv_cnf_f2c_compatible=
star_cv_cnf_trail_type=int
star_cv_restfp_fixup=no

## ----------------- ##
## Output variables. ##
## ----------------- ##

ACLOCAL='${SHELL} /home/raj/Desktop/ast-7.2.0/missing --run aclocal-1.9'
AMDEPBACKSLASH='\'
AMDEP_FALSE='#'
AMDEP_TRUE=''
AMTAR='${SHELL} /home/raj/Desktop/ast-7.2.0/missing --run tar'
AR='ar'
AUTOCONF='${SHELL} /home/raj/Desktop/ast-7.2.0/missing --run autoconf'
AUTOHEADER='${SHELL} /home/raj/Desktop/ast-7.2.0/missing --run autoheader'
AUTOMAKE='${SHELL} /home/raj/Desktop/ast-7.2.0/missing --run automake-1.9'
AWK='mawk'
CC='gcc'
CCDEPMODE='depmode=gcc3'
CFLAGS='-g -O2'
CPP='gcc -E'
CPPFLAGS=''
CXX='g++'
CXXCPP='g++ -E'
CXXDEPMODE='depmode=gcc3'
CXXFLAGS='-g -O2'
CYGPATH_W='echo'
C_FC_FCLINK_MAGIC=''
C_FC_PPFC_FCLINK_MAGIC=''
DEFS='-DHAVE_CONFIG_H'
DEPDIR='.deps'
ECHO='echo'
ECHO_C=''
ECHO_N='-n'
ECHO_T=''
EGREP='grep -E'
EXEEXT=''
EXTERNAL_PAL='0'
EXTERNAL_PAL_FALSE=''
EXTERNAL_PAL_TRUE='#'
F77='f95'
FC='f95'
FCFLAGS='-g -O2'
FCLIBS=' -L/usr/lib/gcc/i686-linux-gnu/4.6.1 -L/usr/lib/gcc/i686-linux-gnu/4.6.1/../../../i386-linux-gnu -L/usr/lib/gcc/i686-linux-gnu/4.6.1/../../../../lib -L/lib/i386-linux-gnu -L/lib/../lib -L/usr/lib/i386-linux-gnu -L/usr/lib/../lib -L/usr/lib/gcc/i686-linux-gnu/4.6.1/../../.. -lpthread -lgfortran -lm -lgcc_s -lquadmath'
FFLAGS='-g -O2'
GIT=''
INSTALL_DATA='${INSTALL} -m 644'
INSTALL_PROGRAM='${INSTALL}'
INSTALL_SCRIPT='${INSTALL}'
INSTALL_STRIP_PROGRAM='${SHELL} $(install_sh) -c -s'
LATEX2DVI='$$LATEX "\\batchmode\\input $$1" && $$LATEX "\\batchmode\\input $$1"'
LDFLAGS=''
LIBOBJS=''
LIBPAL=''
LIBS='-lpthread '
LIBTOOL='$(SHELL) $(top_builddir)/libtool'
LN_S='ln -s'
LTLIBOBJS=''
MAKEINFO='${SHELL} /home/raj/Desktop/ast-7.2.0/missing --run makeinfo'
MESSGEN='messgen'
NOPIC_FALSE=''
NOPIC_TRUE='#'
NOTHREADS_FALSE=''
NOTHREADS_TRUE='#'
OBJEXT='o'
PACKAGE='ast'
PACKAGE_BUGREPORT='starlink@jiscmail.ac.uk'
PACKAGE_NAME='ast'
PACKAGE_STRING='ast 7.2.0'
PACKAGE_TARNAME='ast'
PACKAGE_VERSION='7.2.0'
PACKAGE_VERSION_INTEGER='7002000'
PACKAGE_VERSION_MAJOR='7'
PACKAGE_VERSION_MINOR='2'
PACKAGE_VERSION_RELEASE='0'
PATH_SEPARATOR=':'
PAX=''
PERL='/usr/bin/perl'
PREDIST='#'
PROLAT='prolat'
RANLIB='ranlib'
REAL_FUNCTION_TYPE='float'
SET_MAKE=''
SHELL='/bin/bash'
STAR2HTML='star2html'
STARLINK='/stardev/git/starlink/star'
STAR_CPPFLAGS='-I/stardev/git/starlink/star/include'
STAR_DEPENDENCIES_ATTRIBUTES=''
STAR_DEPENDENCIES_CHILDREN='<sourceset>sst</sourceset><sourceset>htx</sourceset><sourceset>messgen</sourceset>'
STAR_DOCUMENTATION=' sun210 sun211'
STAR_FCFLAGS='-I/stardev/git/starlink/star/include'
STAR_FFLAGS='-I/stardev/git/starlink/star/include'
STAR_LATEX_DOCUMENTATION='sun210.ps sun210.tex sun211.ps sun211.tex sun210.htx_tar sun211.htx_tar'
STAR_LDFLAGS='-L/stardev/git/starlink/star/lib'
STAR_MANIFEST_DIR='$(prefix)/manifests'
STAR_SOURCE_ROOT_DIR=''
STRIP='strip'
TAR='/bin/tar'
THREADS='1'
TRAIL_TYPE='int'
VERSION='7.2.0'
ac_ct_AR='ar'
ac_ct_CC='gcc'
ac_ct_CXX='g++'
ac_ct_F77='f95'
ac_ct_FC='f95'
ac_ct_RANLIB='ranlib'
ac_ct_STRIP='strip'
am__fastdepCC_FALSE='#'
am__fastdepCC_TRUE=''
am__fastdepCXX_FALSE='#'
am__fastdepCXX_TRUE=''
am__include='include'
am__leading_dot='.'
am__quote=''
am__tar='${AMTAR} chof - "$$tardir"'
am__untar='${AMTAR} xf -'
bindir='${exec_prefix}/bin'
build='i686-pc-linux-gnu'
build_alias=''
build_cpu='i686'
build_os='linux-gnu'
build_vendor='pc'
datadir='${prefix}/share'
exec_prefix='${prefix}'
host='i686-pc-linux-gnu'
host_alias=''
host_cpu='i686'
host_os='linux-gnu'
host_vendor='pc'
includedir='${prefix}/include'
infodir='${prefix}/info'
install_sh='/home/raj/Desktop/ast-7.2.0/install-sh'
libdir='${exec_prefix}/lib'
libexecdir='${exec_prefix}/libexec'
localstatedir='${prefix}/var'
mandir='${prefix}/man'
mkdir_p='mkdir -p --'
oldincludedir='/usr/include'
prefix='/usr/local'
program_transform_name='s,x,x,'
sbindir='${exec_prefix}/sbin'
sharedstatedir='${prefix}/com'
stardocsdir='${prefix}/docs'
staretcdir='${prefix}/etc'
starexamplesdir='${prefix}/examples'
starfacsdir='${prefix}/help'
starhelpdir='${prefix}/help'
starnewsdir='${prefix}/news'
sysconfdir='${prefix}/etc'
target_alias=''

## ----------- ##
## confdefs.h. ##
## ----------- ##

#define HAVE_BACKTRACE 1
#define HAVE_DECL_ISFINITE 1
#define HAVE_DECL_ISNAN 1
#define HAVE_DLFCN_H 1
#define HAVE_EXECINFO_H 1
#define HAVE_INT64_T 1
#define HAVE_INTTYPES_H 1
#define HAVE_ISNAN 1
#define HAVE_LIBPTHREAD 1
#define HAVE_LONG_DOUBLE 1
#define HAVE_MEMORY_H 1
#define HAVE_STDARG_H 1
#define HAVE_STDINT_H 1
#define HAVE_STDLIB_H 1
#define HAVE_STRERROR_R 1
#define HAVE_STRINGS_H 1
#define HAVE_STRING_H 1
#define HAVE_STRTOK_R 1
#define HAVE_SYS_STAT_H 1
#define HAVE_SYS_TYPES_H 1
#define HAVE_UINT64_T 1
#define HAVE_UNISTD_H 1
#define PACKAGE "ast"
#define PACKAGE_BUGREPORT "starlink@jiscmail.ac.uk"
#define PACKAGE_NAME "ast"
#define PACKAGE_STRING "ast 7.2.0"
#define PACKAGE_TARNAME "ast"
#define PACKAGE_VERSION "7.2.0"
#define SIZEOF_LONG 4
#define SIZEOF_LONG_LONG 8
#define SIZEOF_VOIDP 4
#define STDC_HEADERS 1
#define TRAIL_TYPE int
#define VERSION "7.2.0"
#endif
#ifdef __cplusplus
extern "C" void exit (int) throw ();

configure: exit 0
